HDF5-DIAG: Error detected in HDF5 (1.10.2) thread 140439364880192:
  #000: H5L.c line 1185 in H5Literate(): link iteration failed
    major: Symbol table
    minor: Iteration failed
  #001: H5Gint.c line 830 in H5G_iterate(): error iterating over links
    major: Symbol table
    minor: Iteration failed
  #002: H5Gobj.c line 692 in H5G__obj_iterate(): can't iterate over dense links
    major: Symbol table
    minor: Iteration failed
  #003: H5Gdense.c line 1069 in H5G__dense_iterate(): error building table of links
    major: Symbol table
    minor: Can't get value
  #004: H5Gdense.c line 863 in H5G__dense_build_table(): error iterating over links
    major: Symbol table
    minor: Can't move to next iterator location
  #005: H5Gdense.c line 1060 in H5G__dense_iterate(): link iteration failed
    major: Symbol table
    minor: Iteration failed
  #006: H5B2.c line 444 in H5B2_iterate(): node iteration failed
    major: B-Tree node
    minor: Unable to list node
  #007: H5B2int.c line 1550 in H5B2__iterate_node(): unable to protect B-tree leaf node
    major: B-Tree node
    minor: Unable to protect metadata
  #008: H5B2leaf.c line 209 in H5B2__protect_leaf(): unable to protect B-tree leaf node
    major: B-Tree node
    minor: Unable to protect metadata
  #009: H5AC.c line 1763 in H5AC_protect(): H5C_protect() failed
    major: Object cache
    minor: Unable to protect metadata
  #010: H5C.c line 2565 in H5C_protect(): can't load entry
    major: Object cache
    minor: Unable to load metadata into cache
  #011: H5C.c line 6876 in H5C_load_entry(): incorrect metadatda checksum after all read attempts
    major: Object cache
    minor: Read failed
HDF5-DIAG: Error detected in HDF5 (1.10.2) thread 140439364880192:
  #000: H5L.c line 1185 in H5Literate(): link iteration failed
    major: Symbol table
    minor: Iteration failed
  #001: H5Gint.c line 830 in H5G_iterate(): error iterating over links
    major: Symbol table
    minor: Iteration failed
  #002: H5Gobj.c line 692 in H5G__obj_iterate(): can't iterate over dense links
    major: Symbol table
    minor: Iteration failed
  #003: H5Gdense.c line 1069 in H5G__dense_iterate(): error building table of links
    major: Symbol table
    minor: Can't get value
  #004: H5Gdense.c line 863 in H5G__dense_build_table(): error iterating over links
    major: Symbol table
    minor: Can't move to next iterator location
  #005: H5Gdense.c line 1060 in H5G__dense_iterate(): link iteration failed
    major: Symbol table
    minor: Iteration failed
  #006: H5B2.c line 444 in H5B2_iterate(): node iteration failed
    major: B-Tree node
    minor: Unable to list node
  #007: H5B2int.c line 1550 in H5B2__iterate_node(): unable to protect B-tree leaf node
    major: B-Tree node
    minor: Unable to protect metadata
  #008: H5B2leaf.c line 209 in H5B2__protect_leaf(): unable to protect B-tree leaf node
    major: B-Tree node
    minor: Unable to protect metadata
  #009: H5AC.c line 1763 in H5AC_protect(): H5C_protect() failed
    major: Object cache
    minor: Unable to protect metadata
  #010: H5C.c line 2565 in H5C_protect(): can't load entry
    major: Object cache
    minor: Unable to load metadata into cache
  #011: H5C.c line 6876 in H5C_load_entry(): incorrect metadatda checksum after all read attempts
    major: Object cache
    minor: Read failed
Traceback (most recent call last):
  File "/home/tdmonkman/anaconda3/lib/python3.7/site-packages/xarray/backends/file_manager.py", line 186, in _acquire_with_cache_info
    file = self._cache[self._key]
  File "/home/tdmonkman/anaconda3/lib/python3.7/site-packages/xarray/backends/lru_cache.py", line 42, in __getitem__
    value = self._cache[key]
KeyError: [<class 'netCDF4._netCDF4.Dataset'>, ('/project2/mfj/TatsuM/Projects/ECCO-potential-density-overturning/nctiles_monthly/BOLUS_VVEL/BOLUS_VVEL.0010.nc',), 'r', (('clobber', True), ('diskless', False), ('format', 'NETCDF4'), ('persist', False))]

During handling of the above exception, another exception occurred:

Traceback (most recent call last):
  File "overturning_time_loop.py", line 58, in <module>
    BOLUS_VVEL_raw = open_datasets.open_combine_raw_ECCO_tile_files(data_dir, BOLUS_VVEL_var, t_slice, rename_indices=False)
  File "/project2/mfj/TatsuM/Projects/ECCO-potential-density-overturning/analysis_package/open_datasets.py", line 41, in open_combine_raw_ECCO_tile_files
    variable_dict["tile_"+str(i)] = xr.open_dataset(variable_dir+VAR+".00"+str(i)+".nc").load()
  File "/home/tdmonkman/anaconda3/lib/python3.7/site-packages/xarray/backends/api.py", line 420, in open_dataset
    filename_or_obj, group=group, lock=lock, **backend_kwargs)
  File "/home/tdmonkman/anaconda3/lib/python3.7/site-packages/xarray/backends/netCDF4_.py", line 335, in open
    autoclose=autoclose)
  File "/home/tdmonkman/anaconda3/lib/python3.7/site-packages/xarray/backends/netCDF4_.py", line 293, in __init__
    self.format = self.ds.data_model
  File "/home/tdmonkman/anaconda3/lib/python3.7/site-packages/xarray/backends/netCDF4_.py", line 344, in ds
    return self._acquire()
  File "/home/tdmonkman/anaconda3/lib/python3.7/site-packages/xarray/backends/netCDF4_.py", line 338, in _acquire
    with self._manager.acquire_context(needs_lock) as root:
  File "/home/tdmonkman/anaconda3/lib/python3.7/contextlib.py", line 112, in __enter__
    return next(self.gen)
  File "/home/tdmonkman/anaconda3/lib/python3.7/site-packages/xarray/backends/file_manager.py", line 174, in acquire_context
    file, cached = self._acquire_with_cache_info(needs_lock)
  File "/home/tdmonkman/anaconda3/lib/python3.7/site-packages/xarray/backends/file_manager.py", line 192, in _acquire_with_cache_info
    file = self._opener(*self._args, **kwargs)
  File "netCDF4/_netCDF4.pyx", line 2135, in netCDF4._netCDF4.Dataset.__init__
  File "netCDF4/_netCDF4.pyx", line 1752, in netCDF4._netCDF4._ensure_nc_success
OSError: [Errno -101] NetCDF: HDF error: b'/project2/mfj/TatsuM/Projects/ECCO-potential-density-overturning/nctiles_monthly/BOLUS_VVEL/BOLUS_VVEL.0010.nc'
